<?xml version="1.0" encoding="UTF-8"?>
<!-- Generated by org.testng.reporters.JUnitXMLReporter -->
<testsuite hostname="DESKTOP-N2BJI2C" ignored="0" name="Regression1" tests="2" failures="0" timestamp="2021-10-23T20:25:14 IST" time="44.234" errors="0">
  <testcase name="guestCheckOutUsingDirectBankTransfer" time="15.251" classname="org.selenium.base.MyFirstTest"/>
  <testcase name="loginAndCheckoutUsingDirectBankTransfer" time="17.382" classname="org.selenium.base.MyFirstTest"/>
</testsuite> <!-- Regression1 -->
